03-Nov-2020 08:35:31.339 정보 [main] org.apache.catalina.startup.VersionLoggerListener.log 서버 버전 이름:        Apache Tomcat/9.0.39
03-Nov-2020 08:35:31.342 정보 [main] org.apache.catalina.startup.VersionLoggerListener.log Server 빌드 시각:          Oct 6 2020 14:11:46 UTC
03-Nov-2020 08:35:31.345 정보 [main] org.apache.catalina.startup.VersionLoggerListener.log Server 버전 번호:         9.0.39.0
03-Nov-2020 08:35:31.345 정보 [main] org.apache.catalina.startup.VersionLoggerListener.log 운영체제 이름:               Windows 10
03-Nov-2020 08:35:31.345 정보 [main] org.apache.catalina.startup.VersionLoggerListener.log 운영체제 버전:            10.0
03-Nov-2020 08:35:31.345 정보 [main] org.apache.catalina.startup.VersionLoggerListener.log 아키텍처:          amd64
03-Nov-2020 08:35:31.346 정보 [main] org.apache.catalina.startup.VersionLoggerListener.log 자바 홈:             C:\Program Files\Java\jdk1.8.0_261\jre
03-Nov-2020 08:35:31.346 정보 [main] org.apache.catalina.startup.VersionLoggerListener.log JVM 버전:           1.8.0_261-b12
03-Nov-2020 08:35:31.346 정보 [main] org.apache.catalina.startup.VersionLoggerListener.log JVM 벤더:            Oracle Corporation
03-Nov-2020 08:35:31.346 정보 [main] org.apache.catalina.startup.VersionLoggerListener.log CATALINA_BASE:         C:\html\apache-tomcat-9.0.39
03-Nov-2020 08:35:31.347 정보 [main] org.apache.catalina.startup.VersionLoggerListener.log CATALINA_HOME:         C:\html\apache-tomcat-9.0.39
03-Nov-2020 08:35:31.348 정보 [main] org.apache.catalina.startup.VersionLoggerListener.log 명령 행 아규먼트: -Djava.util.logging.config.file=c:\html\apache-tomcat-9.0.39\conf\logging.properties
03-Nov-2020 08:35:31.348 정보 [main] org.apache.catalina.startup.VersionLoggerListener.log 명령 행 아규먼트: -Djava.util.logging.manager=org.apache.juli.ClassLoaderLogManager
03-Nov-2020 08:35:31.349 정보 [main] org.apache.catalina.startup.VersionLoggerListener.log 명령 행 아규먼트: -Djdk.tls.ephemeralDHKeySize=2048
03-Nov-2020 08:35:31.349 정보 [main] org.apache.catalina.startup.VersionLoggerListener.log 명령 행 아규먼트: -Djava.protocol.handler.pkgs=org.apache.catalina.webresources
03-Nov-2020 08:35:31.349 정보 [main] org.apache.catalina.startup.VersionLoggerListener.log 명령 행 아규먼트: -Dignore.endorsed.dirs=
03-Nov-2020 08:35:31.349 정보 [main] org.apache.catalina.startup.VersionLoggerListener.log 명령 행 아규먼트: -Dcatalina.base=c:\html\apache-tomcat-9.0.39
03-Nov-2020 08:35:31.350 정보 [main] org.apache.catalina.startup.VersionLoggerListener.log 명령 행 아규먼트: -Dcatalina.home=c:\html\apache-tomcat-9.0.39
03-Nov-2020 08:35:31.351 정보 [main] org.apache.catalina.startup.VersionLoggerListener.log 명령 행 아규먼트: -Djava.io.tmpdir=c:\html\apache-tomcat-9.0.39\temp
03-Nov-2020 08:35:31.435 정보 [main] org.apache.catalina.core.AprLifecycleListener.lifecycleEvent APR 버전 [1.7.0]을(를) 사용한, APR 기반 Apache Tomcat Native 라이브러리 [1.2.25]을(를) 로드했습니다.
03-Nov-2020 08:35:31.435 정보 [main] org.apache.catalina.core.AprLifecycleListener.lifecycleEvent APR 용량정보들: IPv6 [true], sendfile [true], accept filters [false], random [true].
03-Nov-2020 08:35:31.435 정보 [main] org.apache.catalina.core.AprLifecycleListener.lifecycleEvent APR/OpenSSL 설정: useAprConnector [false], useOpenSSL [true]
03-Nov-2020 08:35:31.453 정보 [main] org.apache.catalina.core.AprLifecycleListener.initializeSSL OpenSSL이 성공적으로 초기화되었습니다: [OpenSSL 1.1.1g  21 Apr 2020]
03-Nov-2020 08:35:31.673 정보 [main] org.apache.coyote.AbstractProtocol.init 프로토콜 핸들러 ["http-nio-8080"]을(를) 초기화합니다.
03-Nov-2020 08:35:31.720 정보 [main] org.apache.catalina.startup.Catalina.load [501] 밀리초 내에 서버가 초기화되었습니다.
03-Nov-2020 08:35:31.783 정보 [main] org.apache.catalina.core.StandardService.startInternal 서비스 [Catalina]을(를) 시작합니다.
03-Nov-2020 08:35:31.783 정보 [main] org.apache.catalina.core.StandardEngine.startInternal 서버 엔진을 시작합니다: [Apache Tomcat/9.0.39]
03-Nov-2020 08:35:31.798 정보 [main] org.apache.catalina.startup.HostConfig.deployDirectory 웹 애플리케이션 디렉토리 [C:\html\apache-tomcat-9.0.39\webapps\docs]을(를) 배치합니다.
03-Nov-2020 08:35:31.949 정보 [main] org.apache.catalina.startup.HostConfig.deployDirectory 웹 애플리케이션 디렉토리 [C:\html\apache-tomcat-9.0.39\webapps\docs]에 대한 배치가 [151] 밀리초에 완료되었습니다.
03-Nov-2020 08:35:31.949 정보 [main] org.apache.catalina.startup.HostConfig.deployDirectory 웹 애플리케이션 디렉토리 [C:\html\apache-tomcat-9.0.39\webapps\examples]을(를) 배치합니다.
03-Nov-2020 08:35:32.262 정보 [main] org.apache.catalina.startup.HostConfig.deployDirectory 웹 애플리케이션 디렉토리 [C:\html\apache-tomcat-9.0.39\webapps\examples]에 대한 배치가 [313] 밀리초에 완료되었습니다.
03-Nov-2020 08:35:32.262 정보 [main] org.apache.catalina.startup.HostConfig.deployDirectory 웹 애플리케이션 디렉토리 [C:\html\apache-tomcat-9.0.39\webapps\host-manager]을(를) 배치합니다.
03-Nov-2020 08:35:32.278 정보 [main] org.apache.catalina.startup.HostConfig.deployDirectory 웹 애플리케이션 디렉토리 [C:\html\apache-tomcat-9.0.39\webapps\host-manager]에 대한 배치가 [16] 밀리초에 완료되었습니다.
03-Nov-2020 08:35:32.278 정보 [main] org.apache.catalina.startup.HostConfig.deployDirectory 웹 애플리케이션 디렉토리 [C:\html\apache-tomcat-9.0.39\webapps\manager]을(를) 배치합니다.
03-Nov-2020 08:35:32.309 정보 [main] org.apache.catalina.startup.HostConfig.deployDirectory 웹 애플리케이션 디렉토리 [C:\html\apache-tomcat-9.0.39\webapps\manager]에 대한 배치가 [31] 밀리초에 완료되었습니다.
03-Nov-2020 08:35:32.309 정보 [main] org.apache.catalina.startup.HostConfig.deployDirectory 웹 애플리케이션 디렉토리 [C:\html\apache-tomcat-9.0.39\webapps\ROOT]을(를) 배치합니다.
03-Nov-2020 08:35:32.331 정보 [main] org.apache.catalina.startup.HostConfig.deployDirectory 웹 애플리케이션 디렉토리 [C:\html\apache-tomcat-9.0.39\webapps\ROOT]에 대한 배치가 [22] 밀리초에 완료되었습니다.
03-Nov-2020 08:35:32.334 정보 [main] org.apache.coyote.AbstractProtocol.start 프로토콜 핸들러 ["http-nio-8080"]을(를) 시작합니다.
03-Nov-2020 08:35:32.341 정보 [main] org.apache.catalina.startup.Catalina.start 서버가 [562] 밀리초 내에 시작되었습니다.
