02-Nov-2020 09:04:39.672 정보 [main] org.apache.catalina.startup.VersionLoggerListener.log 서버 버전 이름:        Apache Tomcat/9.0.39
02-Nov-2020 09:04:39.687 정보 [main] org.apache.catalina.startup.VersionLoggerListener.log Server 빌드 시각:          Oct 6 2020 14:11:46 UTC
02-Nov-2020 09:04:39.687 정보 [main] org.apache.catalina.startup.VersionLoggerListener.log Server 버전 번호:         9.0.39.0
02-Nov-2020 09:04:39.687 정보 [main] org.apache.catalina.startup.VersionLoggerListener.log 운영체제 이름:               Windows 10
02-Nov-2020 09:04:39.688 정보 [main] org.apache.catalina.startup.VersionLoggerListener.log 운영체제 버전:            10.0
02-Nov-2020 09:04:39.688 정보 [main] org.apache.catalina.startup.VersionLoggerListener.log 아키텍처:          amd64
02-Nov-2020 09:04:39.688 정보 [main] org.apache.catalina.startup.VersionLoggerListener.log 자바 홈:             C:\Program Files\Java\jdk1.8.0_261\jre
02-Nov-2020 09:04:39.688 정보 [main] org.apache.catalina.startup.VersionLoggerListener.log JVM 버전:           1.8.0_261-b12
02-Nov-2020 09:04:39.688 정보 [main] org.apache.catalina.startup.VersionLoggerListener.log JVM 벤더:            Oracle Corporation
02-Nov-2020 09:04:39.689 정보 [main] org.apache.catalina.startup.VersionLoggerListener.log CATALINA_BASE:         C:\html\apache-tomcat-9.0.39
02-Nov-2020 09:04:39.689 정보 [main] org.apache.catalina.startup.VersionLoggerListener.log CATALINA_HOME:         C:\html\apache-tomcat-9.0.39
02-Nov-2020 09:04:39.689 정보 [main] org.apache.catalina.startup.VersionLoggerListener.log 명령 행 아규먼트: -Djava.util.logging.config.file=C:\html\apache-tomcat-9.0.39\conf\logging.properties
02-Nov-2020 09:04:39.689 정보 [main] org.apache.catalina.startup.VersionLoggerListener.log 명령 행 아규먼트: -Djava.util.logging.manager=org.apache.juli.ClassLoaderLogManager
02-Nov-2020 09:04:39.690 정보 [main] org.apache.catalina.startup.VersionLoggerListener.log 명령 행 아규먼트: -Djdk.tls.ephemeralDHKeySize=2048
02-Nov-2020 09:04:39.690 정보 [main] org.apache.catalina.startup.VersionLoggerListener.log 명령 행 아규먼트: -Djava.protocol.handler.pkgs=org.apache.catalina.webresources
02-Nov-2020 09:04:39.691 정보 [main] org.apache.catalina.startup.VersionLoggerListener.log 명령 행 아규먼트: -Dignore.endorsed.dirs=
02-Nov-2020 09:04:39.692 정보 [main] org.apache.catalina.startup.VersionLoggerListener.log 명령 행 아규먼트: -Dcatalina.base=C:\html\apache-tomcat-9.0.39
02-Nov-2020 09:04:39.692 정보 [main] org.apache.catalina.startup.VersionLoggerListener.log 명령 행 아규먼트: -Dcatalina.home=C:\html\apache-tomcat-9.0.39
02-Nov-2020 09:04:39.693 정보 [main] org.apache.catalina.startup.VersionLoggerListener.log 명령 행 아규먼트: -Djava.io.tmpdir=C:\html\apache-tomcat-9.0.39\temp
02-Nov-2020 09:04:39.778 정보 [main] org.apache.catalina.core.AprLifecycleListener.lifecycleEvent APR 버전 [1.7.0]을(를) 사용한, APR 기반 Apache Tomcat Native 라이브러리 [1.2.25]을(를) 로드했습니다.
02-Nov-2020 09:04:39.785 정보 [main] org.apache.catalina.core.AprLifecycleListener.lifecycleEvent APR 용량정보들: IPv6 [true], sendfile [true], accept filters [false], random [true].
02-Nov-2020 09:04:39.786 정보 [main] org.apache.catalina.core.AprLifecycleListener.lifecycleEvent APR/OpenSSL 설정: useAprConnector [false], useOpenSSL [true]
02-Nov-2020 09:04:39.788 정보 [main] org.apache.catalina.core.AprLifecycleListener.initializeSSL OpenSSL이 성공적으로 초기화되었습니다: [OpenSSL 1.1.1g  21 Apr 2020]
02-Nov-2020 09:04:40.003 정보 [main] org.apache.coyote.AbstractProtocol.init 프로토콜 핸들러 ["http-nio-8080"]을(를) 초기화합니다.
02-Nov-2020 09:04:40.042 정보 [main] org.apache.catalina.startup.Catalina.load [483] 밀리초 내에 서버가 초기화되었습니다.
02-Nov-2020 09:04:40.059 정보 [main] org.apache.catalina.core.StandardService.startInternal 서비스 [Catalina]을(를) 시작합니다.
02-Nov-2020 09:04:40.059 정보 [main] org.apache.catalina.core.StandardEngine.startInternal 서버 엔진을 시작합니다: [Apache Tomcat/9.0.39]
02-Nov-2020 09:04:40.066 정보 [main] org.apache.catalina.startup.HostConfig.deployDirectory 웹 애플리케이션 디렉토리 [C:\html\apache-tomcat-9.0.39\webapps\docs]을(를) 배치합니다.
02-Nov-2020 09:04:40.209 정보 [main] org.apache.catalina.startup.HostConfig.deployDirectory 웹 애플리케이션 디렉토리 [C:\html\apache-tomcat-9.0.39\webapps\docs]에 대한 배치가 [142] 밀리초에 완료되었습니다.
02-Nov-2020 09:04:40.210 정보 [main] org.apache.catalina.startup.HostConfig.deployDirectory 웹 애플리케이션 디렉토리 [C:\html\apache-tomcat-9.0.39\webapps\examples]을(를) 배치합니다.
02-Nov-2020 09:04:40.544 정보 [main] org.apache.catalina.startup.HostConfig.deployDirectory 웹 애플리케이션 디렉토리 [C:\html\apache-tomcat-9.0.39\webapps\examples]에 대한 배치가 [335] 밀리초에 완료되었습니다.
02-Nov-2020 09:04:40.544 정보 [main] org.apache.catalina.startup.HostConfig.deployDirectory 웹 애플리케이션 디렉토리 [C:\html\apache-tomcat-9.0.39\webapps\host-manager]을(를) 배치합니다.
02-Nov-2020 09:04:40.566 정보 [main] org.apache.catalina.startup.HostConfig.deployDirectory 웹 애플리케이션 디렉토리 [C:\html\apache-tomcat-9.0.39\webapps\host-manager]에 대한 배치가 [22] 밀리초에 완료되었습니다.
02-Nov-2020 09:04:40.566 정보 [main] org.apache.catalina.startup.HostConfig.deployDirectory 웹 애플리케이션 디렉토리 [C:\html\apache-tomcat-9.0.39\webapps\manager]을(를) 배치합니다.
02-Nov-2020 09:04:40.583 정보 [main] org.apache.catalina.startup.HostConfig.deployDirectory 웹 애플리케이션 디렉토리 [C:\html\apache-tomcat-9.0.39\webapps\manager]에 대한 배치가 [17] 밀리초에 완료되었습니다.
02-Nov-2020 09:04:40.583 정보 [main] org.apache.catalina.startup.HostConfig.deployDirectory 웹 애플리케이션 디렉토리 [C:\html\apache-tomcat-9.0.39\webapps\ROOT]을(를) 배치합니다.
02-Nov-2020 09:04:40.598 정보 [main] org.apache.catalina.startup.HostConfig.deployDirectory 웹 애플리케이션 디렉토리 [C:\html\apache-tomcat-9.0.39\webapps\ROOT]에 대한 배치가 [15] 밀리초에 완료되었습니다.
02-Nov-2020 09:04:40.600 정보 [main] org.apache.coyote.AbstractProtocol.start 프로토콜 핸들러 ["http-nio-8080"]을(를) 시작합니다.
02-Nov-2020 09:04:40.605 정보 [main] org.apache.catalina.startup.Catalina.start 서버가 [562] 밀리초 내에 시작되었습니다.
