10-Nov-2020 08:36:00.214 정보 [main] org.apache.catalina.startup.VersionLoggerListener.log 서버 버전 이름:        Apache Tomcat/9.0.39
10-Nov-2020 08:36:00.230 정보 [main] org.apache.catalina.startup.VersionLoggerListener.log Server 빌드 시각:          Oct 6 2020 14:11:46 UTC
10-Nov-2020 08:36:00.230 정보 [main] org.apache.catalina.startup.VersionLoggerListener.log Server 버전 번호:         9.0.39.0
10-Nov-2020 08:36:00.230 정보 [main] org.apache.catalina.startup.VersionLoggerListener.log 운영체제 이름:               Windows 10
10-Nov-2020 08:36:00.230 정보 [main] org.apache.catalina.startup.VersionLoggerListener.log 운영체제 버전:            10.0
10-Nov-2020 08:36:00.230 정보 [main] org.apache.catalina.startup.VersionLoggerListener.log 아키텍처:          amd64
10-Nov-2020 08:36:00.230 정보 [main] org.apache.catalina.startup.VersionLoggerListener.log 자바 홈:             C:\Program Files\Java\jdk1.8.0_261\jre
10-Nov-2020 08:36:00.230 정보 [main] org.apache.catalina.startup.VersionLoggerListener.log JVM 버전:           1.8.0_261-b12
10-Nov-2020 08:36:00.230 정보 [main] org.apache.catalina.startup.VersionLoggerListener.log JVM 벤더:            Oracle Corporation
10-Nov-2020 08:36:00.230 정보 [main] org.apache.catalina.startup.VersionLoggerListener.log CATALINA_BASE:         C:\html\apache-tomcat-9.0.39
10-Nov-2020 08:36:00.230 정보 [main] org.apache.catalina.startup.VersionLoggerListener.log CATALINA_HOME:         C:\html\apache-tomcat-9.0.39
10-Nov-2020 08:36:00.245 정보 [main] org.apache.catalina.startup.VersionLoggerListener.log 명령 행 아규먼트: -Djava.util.logging.config.file=c:\html\apache-tomcat-9.0.39\conf\logging.properties
10-Nov-2020 08:36:00.245 정보 [main] org.apache.catalina.startup.VersionLoggerListener.log 명령 행 아규먼트: -Djava.util.logging.manager=org.apache.juli.ClassLoaderLogManager
10-Nov-2020 08:36:00.245 정보 [main] org.apache.catalina.startup.VersionLoggerListener.log 명령 행 아규먼트: -Djdk.tls.ephemeralDHKeySize=2048
10-Nov-2020 08:36:00.245 정보 [main] org.apache.catalina.startup.VersionLoggerListener.log 명령 행 아규먼트: -Djava.protocol.handler.pkgs=org.apache.catalina.webresources
10-Nov-2020 08:36:00.245 정보 [main] org.apache.catalina.startup.VersionLoggerListener.log 명령 행 아규먼트: -Dignore.endorsed.dirs=
10-Nov-2020 08:36:00.245 정보 [main] org.apache.catalina.startup.VersionLoggerListener.log 명령 행 아규먼트: -Dcatalina.base=c:\html\apache-tomcat-9.0.39
10-Nov-2020 08:36:00.245 정보 [main] org.apache.catalina.startup.VersionLoggerListener.log 명령 행 아규먼트: -Dcatalina.home=c:\html\apache-tomcat-9.0.39
10-Nov-2020 08:36:00.245 정보 [main] org.apache.catalina.startup.VersionLoggerListener.log 명령 행 아규먼트: -Djava.io.tmpdir=c:\html\apache-tomcat-9.0.39\temp
10-Nov-2020 08:36:00.277 정보 [main] org.apache.catalina.core.AprLifecycleListener.lifecycleEvent APR 버전 [1.7.0]을(를) 사용한, APR 기반 Apache Tomcat Native 라이브러리 [1.2.25]을(를) 로드했습니다.
10-Nov-2020 08:36:00.292 정보 [main] org.apache.catalina.core.AprLifecycleListener.lifecycleEvent APR 용량정보들: IPv6 [true], sendfile [true], accept filters [false], random [true].
10-Nov-2020 08:36:00.292 정보 [main] org.apache.catalina.core.AprLifecycleListener.lifecycleEvent APR/OpenSSL 설정: useAprConnector [false], useOpenSSL [true]
10-Nov-2020 08:36:00.308 정보 [main] org.apache.catalina.core.AprLifecycleListener.initializeSSL OpenSSL이 성공적으로 초기화되었습니다: [OpenSSL 1.1.1g  21 Apr 2020]
10-Nov-2020 08:36:00.492 정보 [main] org.apache.coyote.AbstractProtocol.init 프로토콜 핸들러 ["http-nio-8080"]을(를) 초기화합니다.
10-Nov-2020 08:36:00.539 정보 [main] org.apache.catalina.startup.Catalina.load [435] 밀리초 내에 서버가 초기화되었습니다.
10-Nov-2020 08:36:00.748 정보 [main] org.apache.catalina.core.StandardService.startInternal 서비스 [Catalina]을(를) 시작합니다.
10-Nov-2020 08:36:00.748 정보 [main] org.apache.catalina.core.StandardEngine.startInternal 서버 엔진을 시작합니다: [Apache Tomcat/9.0.39]
10-Nov-2020 08:36:00.748 정보 [main] org.apache.catalina.startup.HostConfig.deployDirectory 웹 애플리케이션 디렉토리 [C:\html\apache-tomcat-9.0.39\webapps\docs]을(를) 배치합니다.
10-Nov-2020 08:36:00.915 정보 [main] org.apache.catalina.startup.HostConfig.deployDirectory 웹 애플리케이션 디렉토리 [C:\html\apache-tomcat-9.0.39\webapps\docs]에 대한 배치가 [167] 밀리초에 완료되었습니다.
10-Nov-2020 08:36:00.915 정보 [main] org.apache.catalina.startup.HostConfig.deployDirectory 웹 애플리케이션 디렉토리 [C:\html\apache-tomcat-9.0.39\webapps\examples]을(를) 배치합니다.
10-Nov-2020 08:36:01.235 정보 [main] org.apache.catalina.startup.HostConfig.deployDirectory 웹 애플리케이션 디렉토리 [C:\html\apache-tomcat-9.0.39\webapps\examples]에 대한 배치가 [320] 밀리초에 완료되었습니다.
10-Nov-2020 08:36:01.236 정보 [main] org.apache.catalina.startup.HostConfig.deployDirectory 웹 애플리케이션 디렉토리 [C:\html\apache-tomcat-9.0.39\webapps\host-manager]을(를) 배치합니다.
10-Nov-2020 08:36:01.249 정보 [main] org.apache.catalina.startup.HostConfig.deployDirectory 웹 애플리케이션 디렉토리 [C:\html\apache-tomcat-9.0.39\webapps\host-manager]에 대한 배치가 [13] 밀리초에 완료되었습니다.
10-Nov-2020 08:36:01.249 정보 [main] org.apache.catalina.startup.HostConfig.deployDirectory 웹 애플리케이션 디렉토리 [C:\html\apache-tomcat-9.0.39\webapps\manager]을(를) 배치합니다.
10-Nov-2020 08:36:01.265 정보 [main] org.apache.catalina.startup.HostConfig.deployDirectory 웹 애플리케이션 디렉토리 [C:\html\apache-tomcat-9.0.39\webapps\manager]에 대한 배치가 [16] 밀리초에 완료되었습니다.
10-Nov-2020 08:36:01.265 정보 [main] org.apache.catalina.startup.HostConfig.deployDirectory 웹 애플리케이션 디렉토리 [C:\html\apache-tomcat-9.0.39\webapps\ROOT]을(를) 배치합니다.
10-Nov-2020 08:36:01.281 정보 [main] org.apache.catalina.startup.HostConfig.deployDirectory 웹 애플리케이션 디렉토리 [C:\html\apache-tomcat-9.0.39\webapps\ROOT]에 대한 배치가 [16] 밀리초에 완료되었습니다.
10-Nov-2020 08:36:01.281 정보 [main] org.apache.coyote.AbstractProtocol.start 프로토콜 핸들러 ["http-nio-8080"]을(를) 시작합니다.
10-Nov-2020 08:36:01.296 정보 [main] org.apache.catalina.startup.Catalina.start 서버가 [590] 밀리초 내에 시작되었습니다.
