09-Nov-2020 08:53:12.619 정보 [main] org.apache.catalina.startup.VersionLoggerListener.log 서버 버전 이름:        Apache Tomcat/9.0.39
09-Nov-2020 08:53:12.634 정보 [main] org.apache.catalina.startup.VersionLoggerListener.log Server 빌드 시각:          Oct 6 2020 14:11:46 UTC
09-Nov-2020 08:53:12.634 정보 [main] org.apache.catalina.startup.VersionLoggerListener.log Server 버전 번호:         9.0.39.0
09-Nov-2020 08:53:12.634 정보 [main] org.apache.catalina.startup.VersionLoggerListener.log 운영체제 이름:               Windows 10
09-Nov-2020 08:53:12.634 정보 [main] org.apache.catalina.startup.VersionLoggerListener.log 운영체제 버전:            10.0
09-Nov-2020 08:53:12.634 정보 [main] org.apache.catalina.startup.VersionLoggerListener.log 아키텍처:          amd64
09-Nov-2020 08:53:12.634 정보 [main] org.apache.catalina.startup.VersionLoggerListener.log 자바 홈:             C:\Program Files\Java\jdk1.8.0_261\jre
09-Nov-2020 08:53:12.634 정보 [main] org.apache.catalina.startup.VersionLoggerListener.log JVM 버전:           1.8.0_261-b12
09-Nov-2020 08:53:12.634 정보 [main] org.apache.catalina.startup.VersionLoggerListener.log JVM 벤더:            Oracle Corporation
09-Nov-2020 08:53:12.634 정보 [main] org.apache.catalina.startup.VersionLoggerListener.log CATALINA_BASE:         C:\html\apache-tomcat-9.0.39
09-Nov-2020 08:53:12.634 정보 [main] org.apache.catalina.startup.VersionLoggerListener.log CATALINA_HOME:         C:\html\apache-tomcat-9.0.39
09-Nov-2020 08:53:12.634 정보 [main] org.apache.catalina.startup.VersionLoggerListener.log 명령 행 아규먼트: -Djava.util.logging.config.file=c:\html\apache-tomcat-9.0.39\conf\logging.properties
09-Nov-2020 08:53:12.634 정보 [main] org.apache.catalina.startup.VersionLoggerListener.log 명령 행 아규먼트: -Djava.util.logging.manager=org.apache.juli.ClassLoaderLogManager
09-Nov-2020 08:53:12.634 정보 [main] org.apache.catalina.startup.VersionLoggerListener.log 명령 행 아규먼트: -Djdk.tls.ephemeralDHKeySize=2048
09-Nov-2020 08:53:12.634 정보 [main] org.apache.catalina.startup.VersionLoggerListener.log 명령 행 아규먼트: -Djava.protocol.handler.pkgs=org.apache.catalina.webresources
09-Nov-2020 08:53:12.634 정보 [main] org.apache.catalina.startup.VersionLoggerListener.log 명령 행 아규먼트: -Dignore.endorsed.dirs=
09-Nov-2020 08:53:12.634 정보 [main] org.apache.catalina.startup.VersionLoggerListener.log 명령 행 아규먼트: -Dcatalina.base=c:\html\apache-tomcat-9.0.39
09-Nov-2020 08:53:12.634 정보 [main] org.apache.catalina.startup.VersionLoggerListener.log 명령 행 아규먼트: -Dcatalina.home=c:\html\apache-tomcat-9.0.39
09-Nov-2020 08:53:12.634 정보 [main] org.apache.catalina.startup.VersionLoggerListener.log 명령 행 아규먼트: -Djava.io.tmpdir=c:\html\apache-tomcat-9.0.39\temp
09-Nov-2020 08:53:12.697 정보 [main] org.apache.catalina.core.AprLifecycleListener.lifecycleEvent APR 버전 [1.7.0]을(를) 사용한, APR 기반 Apache Tomcat Native 라이브러리 [1.2.25]을(를) 로드했습니다.
09-Nov-2020 08:53:12.697 정보 [main] org.apache.catalina.core.AprLifecycleListener.lifecycleEvent APR 용량정보들: IPv6 [true], sendfile [true], accept filters [false], random [true].
09-Nov-2020 08:53:12.713 정보 [main] org.apache.catalina.core.AprLifecycleListener.lifecycleEvent APR/OpenSSL 설정: useAprConnector [false], useOpenSSL [true]
09-Nov-2020 08:53:12.713 정보 [main] org.apache.catalina.core.AprLifecycleListener.initializeSSL OpenSSL이 성공적으로 초기화되었습니다: [OpenSSL 1.1.1g  21 Apr 2020]
09-Nov-2020 08:53:12.916 정보 [main] org.apache.coyote.AbstractProtocol.init 프로토콜 핸들러 ["http-nio-8080"]을(를) 초기화합니다.
09-Nov-2020 08:53:12.963 정보 [main] org.apache.catalina.startup.Catalina.load [458] 밀리초 내에 서버가 초기화되었습니다.
09-Nov-2020 08:53:12.978 정보 [main] org.apache.catalina.core.StandardService.startInternal 서비스 [Catalina]을(를) 시작합니다.
09-Nov-2020 08:53:12.978 정보 [main] org.apache.catalina.core.StandardEngine.startInternal 서버 엔진을 시작합니다: [Apache Tomcat/9.0.39]
09-Nov-2020 08:53:12.978 정보 [main] org.apache.catalina.startup.HostConfig.deployDirectory 웹 애플리케이션 디렉토리 [C:\html\apache-tomcat-9.0.39\webapps\docs]을(를) 배치합니다.
09-Nov-2020 08:53:13.103 정보 [main] org.apache.catalina.startup.HostConfig.deployDirectory 웹 애플리케이션 디렉토리 [C:\html\apache-tomcat-9.0.39\webapps\docs]에 대한 배치가 [125] 밀리초에 완료되었습니다.
09-Nov-2020 08:53:13.119 정보 [main] org.apache.catalina.startup.HostConfig.deployDirectory 웹 애플리케이션 디렉토리 [C:\html\apache-tomcat-9.0.39\webapps\examples]을(를) 배치합니다.
09-Nov-2020 08:53:13.418 정보 [main] org.apache.catalina.startup.HostConfig.deployDirectory 웹 애플리케이션 디렉토리 [C:\html\apache-tomcat-9.0.39\webapps\examples]에 대한 배치가 [299] 밀리초에 완료되었습니다.
09-Nov-2020 08:53:13.418 정보 [main] org.apache.catalina.startup.HostConfig.deployDirectory 웹 애플리케이션 디렉토리 [C:\html\apache-tomcat-9.0.39\webapps\host-manager]을(를) 배치합니다.
09-Nov-2020 08:53:13.434 정보 [main] org.apache.catalina.startup.HostConfig.deployDirectory 웹 애플리케이션 디렉토리 [C:\html\apache-tomcat-9.0.39\webapps\host-manager]에 대한 배치가 [16] 밀리초에 완료되었습니다.
09-Nov-2020 08:53:13.434 정보 [main] org.apache.catalina.startup.HostConfig.deployDirectory 웹 애플리케이션 디렉토리 [C:\html\apache-tomcat-9.0.39\webapps\manager]을(를) 배치합니다.
09-Nov-2020 08:53:13.465 정보 [main] org.apache.catalina.startup.HostConfig.deployDirectory 웹 애플리케이션 디렉토리 [C:\html\apache-tomcat-9.0.39\webapps\manager]에 대한 배치가 [31] 밀리초에 완료되었습니다.
09-Nov-2020 08:53:13.465 정보 [main] org.apache.catalina.startup.HostConfig.deployDirectory 웹 애플리케이션 디렉토리 [C:\html\apache-tomcat-9.0.39\webapps\ROOT]을(를) 배치합니다.
09-Nov-2020 08:53:13.481 정보 [main] org.apache.catalina.startup.HostConfig.deployDirectory 웹 애플리케이션 디렉토리 [C:\html\apache-tomcat-9.0.39\webapps\ROOT]에 대한 배치가 [16] 밀리초에 완료되었습니다.
09-Nov-2020 08:53:13.481 정보 [main] org.apache.coyote.AbstractProtocol.start 프로토콜 핸들러 ["http-nio-8080"]을(를) 시작합니다.
09-Nov-2020 08:53:13.481 정보 [main] org.apache.catalina.startup.Catalina.start 서버가 [525] 밀리초 내에 시작되었습니다.
