28-Oct-2020 10:20:27.844 정보 [main] org.apache.catalina.core.ApplicationContext.log ContextListener: contextInitialized()
28-Oct-2020 10:20:27.844 정보 [main] org.apache.catalina.core.ApplicationContext.log SessionListener: contextInitialized()
28-Oct-2020 10:20:27.844 정보 [main] org.apache.catalina.core.ApplicationContext.log ContextListener: attributeAdded('StockTicker', 'async.Stockticker@1356d4d4')
28-Oct-2020 10:21:01.074 정보 [Thread-4] org.apache.catalina.core.ApplicationContext.log SessionListener: contextDestroyed()
28-Oct-2020 10:21:01.074 정보 [Thread-4] org.apache.catalina.core.ApplicationContext.log ContextListener: contextDestroyed()
28-Oct-2020 10:22:09.558 정보 [main] org.apache.catalina.core.ApplicationContext.log ContextListener: contextInitialized()
28-Oct-2020 10:22:09.558 정보 [main] org.apache.catalina.core.ApplicationContext.log SessionListener: contextInitialized()
28-Oct-2020 10:22:09.558 정보 [main] org.apache.catalina.core.ApplicationContext.log ContextListener: attributeAdded('StockTicker', 'async.Stockticker@1356d4d4')
28-Oct-2020 10:23:02.929 정보 [Thread-4] org.apache.catalina.core.ApplicationContext.log SessionListener: contextDestroyed()
28-Oct-2020 10:23:02.929 정보 [Thread-4] org.apache.catalina.core.ApplicationContext.log ContextListener: contextDestroyed()
28-Oct-2020 10:26:47.197 정보 [main] org.apache.catalina.core.ApplicationContext.log ContextListener: contextInitialized()
28-Oct-2020 10:26:47.197 정보 [main] org.apache.catalina.core.ApplicationContext.log SessionListener: contextInitialized()
28-Oct-2020 10:26:47.197 정보 [main] org.apache.catalina.core.ApplicationContext.log ContextListener: attributeAdded('StockTicker', 'async.Stockticker@1356d4d4')
28-Oct-2020 10:27:09.092 정보 [Thread-4] org.apache.catalina.core.ApplicationContext.log SessionListener: contextDestroyed()
28-Oct-2020 10:27:09.092 정보 [Thread-4] org.apache.catalina.core.ApplicationContext.log ContextListener: contextDestroyed()
28-Oct-2020 10:27:24.759 정보 [main] org.apache.catalina.core.ApplicationContext.log ContextListener: contextInitialized()
28-Oct-2020 10:27:24.759 정보 [main] org.apache.catalina.core.ApplicationContext.log SessionListener: contextInitialized()
28-Oct-2020 10:27:24.760 정보 [main] org.apache.catalina.core.ApplicationContext.log ContextListener: attributeAdded('StockTicker', 'async.Stockticker@1356d4d4')
28-Oct-2020 10:28:12.585 정보 [Thread-4] org.apache.catalina.core.ApplicationContext.log SessionListener: contextDestroyed()
28-Oct-2020 10:28:12.585 정보 [Thread-4] org.apache.catalina.core.ApplicationContext.log ContextListener: contextDestroyed()
28-Oct-2020 10:28:54.345 정보 [main] org.apache.catalina.core.ApplicationContext.log ContextListener: contextInitialized()
28-Oct-2020 10:28:54.345 정보 [main] org.apache.catalina.core.ApplicationContext.log SessionListener: contextInitialized()
28-Oct-2020 10:28:54.345 정보 [main] org.apache.catalina.core.ApplicationContext.log ContextListener: attributeAdded('StockTicker', 'async.Stockticker@1356d4d4')
28-Oct-2020 10:29:25.856 정보 [Thread-4] org.apache.catalina.core.ApplicationContext.log SessionListener: contextDestroyed()
28-Oct-2020 10:29:25.856 정보 [Thread-4] org.apache.catalina.core.ApplicationContext.log ContextListener: contextDestroyed()
28-Oct-2020 10:29:37.012 정보 [main] org.apache.catalina.core.ApplicationContext.log ContextListener: contextInitialized()
28-Oct-2020 10:29:37.012 정보 [main] org.apache.catalina.core.ApplicationContext.log SessionListener: contextInitialized()
28-Oct-2020 10:29:37.012 정보 [main] org.apache.catalina.core.ApplicationContext.log ContextListener: attributeAdded('StockTicker', 'async.Stockticker@1356d4d4')
28-Oct-2020 10:34:37.953 정보 [Thread-4] org.apache.catalina.core.ApplicationContext.log SessionListener: contextDestroyed()
28-Oct-2020 10:34:37.953 정보 [Thread-4] org.apache.catalina.core.ApplicationContext.log ContextListener: contextDestroyed()
28-Oct-2020 10:44:52.269 정보 [main] org.apache.catalina.core.ApplicationContext.log ContextListener: contextInitialized()
28-Oct-2020 10:44:52.269 정보 [main] org.apache.catalina.core.ApplicationContext.log SessionListener: contextInitialized()
28-Oct-2020 10:44:52.269 정보 [main] org.apache.catalina.core.ApplicationContext.log ContextListener: attributeAdded('StockTicker', 'async.Stockticker@1356d4d4')
28-Oct-2020 10:45:38.272 정보 [Thread-4] org.apache.catalina.core.ApplicationContext.log SessionListener: contextDestroyed()
28-Oct-2020 10:45:38.272 정보 [Thread-4] org.apache.catalina.core.ApplicationContext.log ContextListener: contextDestroyed()
28-Oct-2020 10:45:55.066 정보 [main] org.apache.catalina.core.ApplicationContext.log ContextListener: contextInitialized()
28-Oct-2020 10:45:55.066 정보 [main] org.apache.catalina.core.ApplicationContext.log SessionListener: contextInitialized()
28-Oct-2020 10:45:55.066 정보 [main] org.apache.catalina.core.ApplicationContext.log ContextListener: attributeAdded('StockTicker', 'async.Stockticker@1356d4d4')
28-Oct-2020 10:48:18.902 정보 [Thread-4] org.apache.catalina.core.ApplicationContext.log SessionListener: contextDestroyed()
28-Oct-2020 10:48:18.902 정보 [Thread-4] org.apache.catalina.core.ApplicationContext.log ContextListener: contextDestroyed()
28-Oct-2020 10:49:00.837 정보 [main] org.apache.catalina.core.ApplicationContext.log ContextListener: contextInitialized()
28-Oct-2020 10:49:00.837 정보 [main] org.apache.catalina.core.ApplicationContext.log SessionListener: contextInitialized()
28-Oct-2020 10:49:00.837 정보 [main] org.apache.catalina.core.ApplicationContext.log ContextListener: attributeAdded('StockTicker', 'async.Stockticker@1356d4d4')
28-Oct-2020 10:49:51.994 정보 [main] org.apache.catalina.core.ApplicationContext.log SessionListener: contextDestroyed()
28-Oct-2020 10:49:51.994 정보 [main] org.apache.catalina.core.ApplicationContext.log ContextListener: contextDestroyed()
28-Oct-2020 11:07:19.516 정보 [main] org.apache.catalina.core.ApplicationContext.log ContextListener: contextInitialized()
28-Oct-2020 11:07:19.516 정보 [main] org.apache.catalina.core.ApplicationContext.log SessionListener: contextInitialized()
28-Oct-2020 11:07:19.516 정보 [main] org.apache.catalina.core.ApplicationContext.log ContextListener: attributeAdded('StockTicker', 'async.Stockticker@1356d4d4')
